{"timestamp":"2025-09-01 21:03:23:323","level":"info","message":"Vendor registered successfully: 2","userId":2,"email":"abc@gmail.com","businessName":"asdfg"}
{"timestamp":"2025-09-02 16:40:19:4019","level":"info","message":"Vendor registered successfully: 3","userId":3,"email":"xyz@gmail.com","businessName":"sdfghjkl"}
{"timestamp":"2025-09-03 10:43:01:431","level":"info","message":"Vendor registered successfully: 4","userId":4,"email":"zxcvb@gmail.com","businessName":"zxcvbn"}
{"timestamp":"2025-09-03 11:02:08:28","level":"info","message":"Vendor registered successfully: 5","userId":5,"email":"xcvb@gmail.com","businessName":"xcvbn"}
{"timestamp":"2025-09-03 11:17:45:1745","level":"info","message":"Vendor registered successfully: 6","userId":6,"email":"qaxs@gmail.com","businessName":"qaszxsw"}
{"timestamp":"2025-09-03 12:22:05:225","level":"info","message":"Vendor registered successfully: 7","userId":7,"email":"ghjkl@gmail.com","businessName":"hjkl"}
{"timestamp":"2025-09-03 16:51:11:5111","level":"info","message":"Vendor registered successfully: 8","userId":8,"email":"super@gmail.com","businessName":"super"}
{"timestamp":"2025-09-03 16:58:55:5855","level":"info","message":"Vendor registered successfully: 9","userId":9,"email":"event@gmail.com","businessName":"event"}
{"timestamp":"2025-09-03 17:04:55:455","level":"info","message":"Vendor registered successfully: 10","userId":10,"email":"user@gmail.com","businessName":"user"}
{"timestamp":"2025-09-03 18:29:57:2957","level":"info","message":"Vendor registered successfully: 11","userId":11,"email":"vendor@gmail.com","businessName":"vendor"}
{"timestamp":"2025-09-03 18:31:56:3156","level":"info","message":"Vendor registered successfully: 12","userId":12,"email":"vendor1@gmail.com","businessName":"vendor1"}
{"timestamp":"2025-09-04 16:27:59:2759","level":"info","message":"Vendor registered successfully: 13","userId":13,"email":"john@gmail.com","businessName":"john"}
{"timestamp":"2025-09-04 16:33:52:3352","level":"info","message":"Vendor registered successfully: 14","userId":14,"email":"ram@gmail.com","businessName":"ram"}
{"timestamp":"2025-09-04 16:41:42:4142","level":"info","message":"Vendor registered successfully: 15","userId":15,"email":"demo@gmail.com","businessName":"demo"}
{"timestamp":"2025-09-04 16:48:57:4857","level":"info","message":"Vendor registered successfully: 16","userId":16,"email":"test@gmail.com","businessName":"test"}
{"timestamp":"2025-09-05 10:58:42:5842","level":"info","message":"Vendor registered successfully: 17","userId":17,"email":"check@gmail.com","businessName":"check"}
{"timestamp":"2025-09-05 11:06:43:643","level":"info","message":"Vendor registered successfully: 18","userId":18,"email":"testing@gmail.com","businessName":"testing"}
{"timestamp":"2025-09-05 11:28:37:2837","level":"info","message":"Vendor registered successfully: 19","userId":19,"email":"fix@gmail.com","businessName":"fix"}
{"timestamp":"2025-09-05 12:14:16:1416","level":"info","message":"Vendor registered successfully: 20","userId":20,"email":"example@gmail.com","businessName":"example"}
{"timestamp":"2025-09-05 12:21:32:2132","level":"info","message":"Vendor registered successfully: 21","userId":21,"email":"customer@gmail.com","businessName":"customer"}
{"timestamp":"2025-09-05 12:26:33:2633","level":"info","message":"Vendor registered successfully: 22","userId":22,"email":"emp@gmail.com","businessName":"emp"}
{"timestamp":"2025-09-05 12:30:35:3035","level":"info","message":"Vendor registered successfully: 23","userId":23,"email":"emp1@gmail.com","businessName":"emp1"}
{"timestamp":"2025-09-05 12:35:26:3526","level":"info","message":"Vendor registered successfully: 24","userId":24,"email":"emp2@gmail.com","businessName":"emp2"}
{"timestamp":"2025-09-05 16:06:32:632","level":"info","message":"Vendor registered successfully: 25","userId":25,"email":"user1@gmail.com","businessName":"user1"}
{"timestamp":"2025-09-05 20:28:43:2843","level":"info","message":"Vendor registered successfully: 26","userId":26,"email":"hfhwifhwih@gmail.com","businessName":"csahkalsn"}
{"timestamp":"2025-09-05 20:31:51:3151","level":"info","message":"Vendor registered successfully: 27","userId":27,"email":"jfkjkj@gmail.com","businessName":"hbdcbskjk"}
{"timestamp":"2025-09-06 10:04:20:420","level":"info","message":"Vendor registered successfully: 28","userId":28,"email":"ndsnlsncn@gmail.com","businessName":"ns;m;aml"}
{"timestamp":"2025-09-06 17:11:36:1136","level":"info","message":"Vendor registered successfully: 29","userId":29,"email":"random1@gmail.com","businessName":"random1"}
